[debug] [2024-02-06T09:33:41.045Z] ----------------------------------------------------------------------
[debug] [2024-02-06T09:33:41.047Z] Command:       C:\Program Files\nodejs\node.exe C:\Users\vlad0\AppData\Roaming\npm\node_modules\firebase-tools\lib\bin\firebase.js deploy
[debug] [2024-02-06T09:33:41.047Z] CLI Version:   13.1.0
[debug] [2024-02-06T09:33:41.048Z] Platform:      win32
[debug] [2024-02-06T09:33:41.048Z] Node Version:  v18.18.0
[debug] [2024-02-06T09:33:41.049Z] Time:          Tue Feb 06 2024 11:33:41 GMT+0200 (за східноєвропейським стандартним часом)
[debug] [2024-02-06T09:33:41.049Z] ----------------------------------------------------------------------
[debug] 
[debug] [2024-02-06T09:33:41.121Z] > command requires scopes: ["email","openid","https://www.googleapis.com/auth/cloudplatformprojects.readonly","https://www.googleapis.com/auth/firebase","https://www.googleapis.com/auth/cloud-platform"]
[debug] [2024-02-06T09:33:41.121Z] > authorizing via signed-in user (vlad0021135@gmail.com)
[debug] [2024-02-06T09:33:41.121Z] [iam] checking project testfront-f157b for permissions ["firebase.projects.get","firebasehosting.sites.update"]
[debug] [2024-02-06T09:33:41.123Z] >>> [apiv2][query] POST https://cloudresourcemanager.googleapis.com/v1/projects/testfront-f157b:testIamPermissions [none]
[debug] [2024-02-06T09:33:41.124Z] >>> [apiv2][(partial)header] POST https://cloudresourcemanager.googleapis.com/v1/projects/testfront-f157b:testIamPermissions x-goog-quota-user=projects/testfront-f157b
[debug] [2024-02-06T09:33:41.124Z] >>> [apiv2][body] POST https://cloudresourcemanager.googleapis.com/v1/projects/testfront-f157b:testIamPermissions {"permissions":["firebase.projects.get","firebasehosting.sites.update"]}
[debug] [2024-02-06T09:33:41.959Z] <<< [apiv2][status] POST https://cloudresourcemanager.googleapis.com/v1/projects/testfront-f157b:testIamPermissions 200
[debug] [2024-02-06T09:33:41.959Z] <<< [apiv2][body] POST https://cloudresourcemanager.googleapis.com/v1/projects/testfront-f157b:testIamPermissions {"permissions":["firebase.projects.get","firebasehosting.sites.update"]}
[debug] [2024-02-06T09:33:41.960Z] >>> [apiv2][query] GET https://firebase.googleapis.com/v1beta1/projects/testfront-f157b [none]
[debug] [2024-02-06T09:33:42.395Z] <<< [apiv2][status] GET https://firebase.googleapis.com/v1beta1/projects/testfront-f157b 200
[debug] [2024-02-06T09:33:42.395Z] <<< [apiv2][body] GET https://firebase.googleapis.com/v1beta1/projects/testfront-f157b {"projectId":"testfront-f157b","projectNumber":"335279605457","displayName":"testfront","name":"projects/testfront-f157b","resources":{"hostingSite":"testfront-f157b"},"state":"ACTIVE","etag":"1_da1c8c02-1765-44ac-b0de-814882721ae8"}
[info] 
[info] === Deploying to 'testfront-f157b'...
[info] 
[info] i  deploying hosting 
[debug] [2024-02-06T09:33:42.402Z] >>> [apiv2][query] POST https://firebasehosting.googleapis.com/v1beta1/projects/-/sites/testfront-f157b/versions [none]
[debug] [2024-02-06T09:33:42.402Z] >>> [apiv2][body] POST https://firebasehosting.googleapis.com/v1beta1/projects/-/sites/testfront-f157b/versions {"status":"CREATED","labels":{"deployment-tool":"cli-firebase"}}
